# JRE version: OpenJDK Runtime Environment (8.0_212-b04) (build 1.8.0_212-release-1586-b04)
# Java VM: OpenJDK 64-Bit Server VM (25.212-b04 mixed mode windows-amd64 compressed oops)
Heap:
 PSYoungGen      total 352256K, used 352059K [0x00000000e0000000, 0x00000000ffb80000, 0x0000000100000000)
  eden space 336384K, 99% used [0x00000000e0000000,0x00000000f4875b50,0x00000000f4880000)
  from space 15872K, 99% used [0x00000000f4880000,0x00000000f57d9278,0x00000000f5800000)
  to   space 91648K, 0% used [0x00000000fa200000,0x00000000fa200000,0x00000000ffb80000)
 ParOldGen       total 258560K, used 148548K [0x00000000a0000000, 0x00000000afc80000, 0x00000000e0000000)
  object space 258560K, 57% used [0x00000000a0000000,0x00000000a91113d8,0x00000000afc80000)
 Metaspace       used 111992K, capacity 118849K, committed 119040K, reserved 1153024K
  class space    used 14173K, capacity 15771K, committed 15872K, reserved 1048576K
GC Heap History (10 events):
Event: 1178.309 GC heap before
{Heap before GC invocations=29 (full 4):
 PSYoungGen      total 420864K, used 420838K [0x00000000e0000000, 0x00000000fe580000, 0x0000000100000000)
  eden space 369152K, 100% used [0x00000000e0000000,0x00000000f6880000,0x00000000f6880000)
  from space 51712K, 99% used [0x00000000fa400000,0x00000000fd6799f0,0x00000000fd680000)
  to   space 60928K, 0% used [0x00000000f6880000,0x00000000f6880000,0x00000000fa400000)
 ParOldGen       total 258560K, used 74783K [0x00000000a0000000, 0x00000000afc80000, 0x00000000e0000000)
  object space 258560K, 28% used [0x00000000a0000000,0x00000000a4907da0,0x00000000afc80000)
 Metaspace       used 108996K, capacity 115481K, committed 115712K, reserved 1148928K
  class space    used 13867K, capacity 15348K, committed 15360K, reserved 1048576K
Event: 1178.407 GC heap after
Heap after GC invocations=29 (full 4):
 PSYoungGen      total 430080K, used 60911K [0x00000000e0000000, 0x0000000100000000, 0x0000000100000000)
  eden space 369152K, 0% used [0x00000000e0000000,0x00000000e0000000,0x00000000f6880000)
  from space 60928K, 99% used [0x00000000f6880000,0x00000000fa3fbff0,0x00000000fa400000)
  to   space 71680K, 0% used [0x00000000fba00000,0x00000000fba00000,0x0000000100000000)
 ParOldGen       total 258560K, used 79376K [0x00000000a0000000, 0x00000000afc80000, 0x00000000e0000000)
  object space 258560K, 30% used [0x00000000a0000000,0x00000000a4d84078,0x00000000afc80000)
 Metaspace       used 108996K, capacity 115481K, committed 115712K, reserved 1148928K
  class space    used 13867K, capacity 15348K, committed 15360K, reserved 1048576K
}
Event: 1180.367 GC heap before
{Heap before GC invocations=30 (full 4):
 PSYoungGen      total 430080K, used 430063K [0x00000000e0000000, 0x0000000100000000, 0x0000000100000000)
  eden space 369152K, 100% used [0x00000000e0000000,0x00000000f6880000,0x00000000f6880000)
  from space 60928K, 99% used [0x00000000f6880000,0x00000000fa3fbff0,0x00000000fa400000)
  to   space 71680K, 0% used [0x00000000fba00000,0x00000000fba00000,0x0000000100000000)
 ParOldGen       total 258560K, used 79377K [0x00000000a0000000, 0x00000000afc80000, 0x00000000e0000000)
  object space 258560K, 30% used [0x00000000a0000000,0x00000000a4d847c0,0x00000000afc80000)
 Metaspace       used 109016K, capacity 115545K, committed 115712K, reserved 1148928K
  class space    used 13868K, capacity 15348K, committed 15360K, reserved 1048576K
Event: 1180.537 GC heap after
Heap after GC invocations=30 (full 4):
 PSYoungGen      total 409600K, used 71670K [0x00000000e0000000, 0x0000000100000000, 0x0000000100000000)
  eden space 337920K, 0% used [0x00000000e0000000,0x00000000e0000000,0x00000000f4a00000)
  from space 71680K, 99% used [0x00000000fba00000,0x00000000ffffd818,0x0000000100000000)
  to   space 93184K, 0% used [0x00000000f4a00000,0x00000000f4a00000,0x00000000fa500000)
 ParOldGen       total 258560K, used 108457K [0x00000000a0000000, 0x00000000afc80000, 0x00000000e0000000)
  object space 258560K, 41% used [0x00000000a0000000,0x00000000a69ea7c0,0x00000000afc80000)
 Metaspace       used 109016K, capacity 115545K, committed 115712K, reserved 1148928K
  class space    used 13868K, capacity 15348K, committed 15360K, reserved 1048576K
}
Event: 1180.541 GC heap before
{Heap before GC invocations=31 (full 4):
 PSYoungGen      total 409600K, used 74244K [0x00000000e0000000, 0x0000000100000000, 0x0000000100000000)
  eden space 337920K, 0% used [0x00000000e0000000,0x00000000e02838a0,0x00000000f4a00000)
  from space 71680K, 99% used [0x00000000fba00000,0x00000000ffffd818,0x0000000100000000)
  to   space 93184K, 0% used [0x00000000f4a00000,0x00000000f4a00000,0x00000000fa500000)
 ParOldGen       total 258560K, used 108457K [0x00000000a0000000, 0x00000000afc80000, 0x00000000e0000000)
  object space 258560K, 41% used [0x00000000a0000000,0x00000000a69ea7c0,0x00000000afc80000)
 Metaspace       used 109016K, capacity 115545K, committed 115712K, reserved 1148928K
  class space    used 13868K, capacity 15348K, committed 15360K, reserved 1048576K
Event: 1180.627 GC heap after
Heap after GC invocations=31 (full 4):
 PSYoungGen      total 398848K, used 60592K [0x00000000e0000000, 0x0000000100000000, 0x0000000100000000)
  eden space 337920K, 0% used [0x00000000e0000000,0x00000000e0000000,0x00000000f4a00000)
  from space 60928K, 99% used [0x00000000f4a00000,0x00000000f852c030,0x00000000f8580000)
  to   space 95744K, 0% used [0x00000000fa280000,0x00000000fa280000,0x0000000100000000)
 ParOldGen       total 258560K, used 119610K [0x00000000a0000000, 0x00000000afc80000, 0x00000000e0000000)
  object space 258560K, 46% used [0x00000000a0000000,0x00000000a74ce8b0,0x00000000afc80000)
 Metaspace       used 109016K, capacity 115545K, committed 115712K, reserved 1148928K
  class space    used 13868K, capacity 15348K, committed 15360K, reserved 1048576K
}
Event: 1182.596 GC heap before
{Heap before GC invocations=32 (full 4):
 PSYoungGen      total 398848K, used 398512K [0x00000000e0000000, 0x0000000100000000, 0x0000000100000000)
  eden space 337920K, 100% used [0x00000000e0000000,0x00000000f4a00000,0x00000000f4a00000)
  from space 60928K, 99% used [0x00000000f4a00000,0x00000000f852c030,0x00000000f8580000)
  to   space 95744K, 0% used [0x00000000fa280000,0x00000000fa280000,0x0000000100000000)
 ParOldGen       total 258560K, used 119610K [0x00000000a0000000, 0x00000000afc80000, 0x00000000e0000000)
  object space 258560K, 46% used [0x00000000a0000000,0x00000000a74ce8b0,0x00000000afc80000)
 Metaspace       used 109036K, capacity 115545K, committed 115712K, reserved 1148928K
  class space    used 13868K, capacity 15348K, committed 15360K, reserved 1048576K
Event: 1182.707 GC heap after
Heap after GC invocations=32 (full 4):
 PSYoungGen      total 432128K, used 47033K [0x00000000e0000000, 0x0000000100000000, 0x0000000100000000)
  eden space 336384K, 0% used [0x00000000e0000000,0x00000000e0000000,0x00000000f4880000)
  from space 95744K, 49% used [0x00000000fa280000,0x00000000fd06e7b0,0x0000000100000000)
  to   space 92160K, 0% used [0x00000000f4880000,0x00000000f4880000,0x00000000fa280000)
 ParOldGen       total 258560K, used 130542K [0x00000000a0000000, 0x00000000afc80000, 0x00000000e0000000)
  object space 258560K, 50% used [0x00000000a0000000,0x00000000a7f7b830,0x00000000afc80000)
 Metaspace       used 109036K, capacity 115545K, committed 115712K, reserved 1148928K
  class space    used 13868K, capacity 15348K, committed 15360K, reserved 1048576K
}
Event: 1226.696 GC heap before
{Heap before GC invocations=33 (full 4):
 PSYoungGen      total 432128K, used 383417K [0x00000000e0000000, 0x0000000100000000, 0x0000000100000000)
  eden space 336384K, 100% used [0x00000000e0000000,0x00000000f4880000,0x00000000f4880000)
  from space 95744K, 49% used [0x00000000fa280000,0x00000000fd06e7b0,0x0000000100000000)
  to   space 92160K, 0% used [0x00000000f4880000,0x00000000f4880000,0x00000000fa280000)
 ParOldGen       total 258560K, used 130542K [0x00000000a0000000, 0x00000000afc80000, 0x00000000e0000000)
  object space 258560K, 50% used [0x00000000a0000000,0x00000000a7f7b830,0x00000000afc80000)
 Metaspace       used 109841K, capacity 116341K, committed 116608K, reserved 1150976K
  class space    used 13957K, capacity 15456K, committed 15488K, reserved 1048576K
Event: 1226.738 GC heap after
Heap after GC invocations=33 (full 4):
 PSYoungGen      total 352256K, used 15716K [0x00000000e0000000, 0x00000000ffb80000, 0x0000000100000000)
  eden space 336384K, 0% used [0x00000000e0000000,0x00000000e0000000,0x00000000f4880000)
  from space 15872K, 99% used [0x00000000f4880000,0x00000000f57d9278,0x00000000f5800000)
  to   space 91648K, 0% used [0x00000000fa200000,0x00000000fa200000,0x00000000ffb80000)
 ParOldGen       total 258560K, used 148548K [0x00000000a0000000, 0x00000000afc80000, 0x00000000e0000000)
  object space 258560K, 57% used [0x00000000a0000000,0x00000000a91113d8,0x00000000afc80000)
 Metaspace       used 109841K, capacity 116341K, committed 116608K, reserved 1150976K
  class space    used 13957K, capacity 15456K, committed 15488K, reserved 1048576K
}

